2018-10-04 21:14:57.256  INFO 17136 --- [main] .a.s.SpringBoot03LoggingApplicationTests : Starting SpringBoot03LoggingApplicationTests on NP1XFWYQ7YSCCAU with PID 17136 (started by Administrator in C:\MyApps\java\workspace\idea\spring-boot-03-logging)
2018-10-04 21:14:57.260 DEBUG 17136 --- [main] .a.s.SpringBoot03LoggingApplicationTests : Running with Spring Boot v2.0.5.RELEASE, Spring v5.0.9.RELEASE
2018-10-04 21:14:57.266  INFO 17136 --- [main] .a.s.SpringBoot03LoggingApplicationTests : No active profile set, falling back to default profiles: default
2018-10-04 21:14:57.393  INFO 17136 --- [main] o.s.w.c.s.GenericWebApplicationContext   : Refreshing org.springframework.web.context.support.GenericWebApplicationContext@376a312c: startup date [Thu Oct 04 21:14:57 CST 2018]; root of context hierarchy
2018-10-04 21:15:02.252  INFO 17136 --- [main] o.s.w.s.handler.SimpleUrlHandlerMapping  : Mapped URL path [/**/favicon.ico] onto handler of type [class org.springframework.web.servlet.resource.ResourceHttpRequestHandler]
2018-10-04 21:15:03.094  INFO 17136 --- [main] s.w.s.m.m.a.RequestMappingHandlerAdapter : Looking for @ControllerAdvice: org.springframework.web.context.support.GenericWebApplicationContext@376a312c: startup date [Thu Oct 04 21:14:57 CST 2018]; root of context hierarchy
2018-10-04 21:15:03.411  INFO 17136 --- [main] s.w.s.m.m.a.RequestMappingHandlerMapping : Mapped "{[/error]}" onto public org.springframework.http.ResponseEntity<java.util.Map<java.lang.String, java.lang.Object>> org.springframework.boot.autoconfigure.web.servlet.error.BasicErrorController.error(javax.servlet.http.HttpServletRequest)
2018-10-04 21:15:03.415  INFO 17136 --- [main] s.w.s.m.m.a.RequestMappingHandlerMapping : Mapped "{[/error],produces=[text/html]}" onto public org.springframework.web.servlet.ModelAndView org.springframework.boot.autoconfigure.web.servlet.error.BasicErrorController.errorHtml(javax.servlet.http.HttpServletRequest,javax.servlet.http.HttpServletResponse)
2018-10-04 21:15:03.554  INFO 17136 --- [main] o.s.w.s.handler.SimpleUrlHandlerMapping  : Mapped URL path [/webjars/**] onto handler of type [class org.springframework.web.servlet.resource.ResourceHttpRequestHandler]
2018-10-04 21:15:03.554  INFO 17136 --- [main] o.s.w.s.handler.SimpleUrlHandlerMapping  : Mapped URL path [/**] onto handler of type [class org.springframework.web.servlet.resource.ResourceHttpRequestHandler]
2018-10-04 21:15:04.262  INFO 17136 --- [main] .a.s.SpringBoot03LoggingApplicationTests : Started SpringBoot03LoggingApplicationTests in 8.824 seconds (JVM running for 12.736)
2018-10-04 21:15:04.633 TRACE 17136 --- [main] c.a.s.SpringBoot03LoggingApplication     : 这是trace
2018-10-04 21:15:04.634 DEBUG 17136 --- [main] c.a.s.SpringBoot03LoggingApplication     : 这是debug
2018-10-04 21:15:04.638  INFO 17136 --- [main] c.a.s.SpringBoot03LoggingApplication     : 这是info
2018-10-04 21:15:04.641  WARN 17136 --- [main] c.a.s.SpringBoot03LoggingApplication     : 这是warn
2018-10-04 21:15:04.666 ERROR 17136 --- [main] c.a.s.SpringBoot03LoggingApplication     : 这是error
2018-10-04 21:15:04.747  INFO 17136 --- [Thread-2] o.s.w.c.s.GenericWebApplicationContext   : Closing org.springframework.web.context.support.GenericWebApplicationContext@376a312c: startup date [Thu Oct 04 21:14:57 CST 2018]; root of context hierarchy
2018-10-04 21:15:06.141  INFO 10528 --- [main] .a.s.SpringBoot03LoggingApplicationTests : Starting SpringBoot03LoggingApplicationTests on NP1XFWYQ7YSCCAU with PID 10528 (started by Administrator in C:\MyApps\java\workspace\idea\spring-boot-03-logging)
2018-10-04 21:15:06.145 DEBUG 10528 --- [main] .a.s.SpringBoot03LoggingApplicationTests : Running with Spring Boot v2.0.5.RELEASE, Spring v5.0.9.RELEASE
2018-10-04 21:15:06.152  INFO 10528 --- [main] .a.s.SpringBoot03LoggingApplicationTests : No active profile set, falling back to default profiles: default
2018-10-04 21:15:06.760  INFO 10528 --- [main] o.s.w.c.s.GenericWebApplicationContext   : Refreshing org.springframework.web.context.support.GenericWebApplicationContext@5efa40fe: startup date [Thu Oct 04 21:15:06 CST 2018]; root of context hierarchy
2018-10-04 21:15:11.856  INFO 10528 --- [main] o.s.w.s.handler.SimpleUrlHandlerMapping  : Mapped URL path [/**/favicon.ico] onto handler of type [class org.springframework.web.servlet.resource.ResourceHttpRequestHandler]
2018-10-04 21:15:12.375  INFO 10528 --- [main] s.w.s.m.m.a.RequestMappingHandlerAdapter : Looking for @ControllerAdvice: org.springframework.web.context.support.GenericWebApplicationContext@5efa40fe: startup date [Thu Oct 04 21:15:06 CST 2018]; root of context hierarchy
2018-10-04 21:15:12.632  INFO 10528 --- [main] s.w.s.m.m.a.RequestMappingHandlerMapping : Mapped "{[/error]}" onto public org.springframework.http.ResponseEntity<java.util.Map<java.lang.String, java.lang.Object>> org.springframework.boot.autoconfigure.web.servlet.error.BasicErrorController.error(javax.servlet.http.HttpServletRequest)
2018-10-04 21:15:12.636  INFO 10528 --- [main] s.w.s.m.m.a.RequestMappingHandlerMapping : Mapped "{[/error],produces=[text/html]}" onto public org.springframework.web.servlet.ModelAndView org.springframework.boot.autoconfigure.web.servlet.error.BasicErrorController.errorHtml(javax.servlet.http.HttpServletRequest,javax.servlet.http.HttpServletResponse)
2018-10-04 21:15:12.697  INFO 10528 --- [main] o.s.w.s.handler.SimpleUrlHandlerMapping  : Mapped URL path [/webjars/**] onto handler of type [class org.springframework.web.servlet.resource.ResourceHttpRequestHandler]
2018-10-04 21:15:12.698  INFO 10528 --- [main] o.s.w.s.handler.SimpleUrlHandlerMapping  : Mapped URL path [/**] onto handler of type [class org.springframework.web.servlet.resource.ResourceHttpRequestHandler]
2018-10-04 21:15:13.152  INFO 10528 --- [main] .a.s.SpringBoot03LoggingApplicationTests : Started SpringBoot03LoggingApplicationTests in 8.618 seconds (JVM running for 13.757)
2018-10-04 21:15:13.446 TRACE 10528 --- [main] c.a.s.SpringBoot03LoggingApplication     : 这是trace
2018-10-04 21:15:13.447 DEBUG 10528 --- [main] c.a.s.SpringBoot03LoggingApplication     : 这是debug
2018-10-04 21:15:13.447  INFO 10528 --- [main] c.a.s.SpringBoot03LoggingApplication     : 这是info
2018-10-04 21:15:13.447  WARN 10528 --- [main] c.a.s.SpringBoot03LoggingApplication     : 这是warn
2018-10-04 21:15:13.448 ERROR 10528 --- [main] c.a.s.SpringBoot03LoggingApplication     : 这是error
2018-10-04 21:15:13.468  INFO 10528 --- [Thread-2] o.s.w.c.s.GenericWebApplicationContext   : Closing org.springframework.web.context.support.GenericWebApplicationContext@5efa40fe: startup date [Thu Oct 04 21:15:06 CST 2018]; root of context hierarchy
